

times in msec
 clock   self+sourced   self:  sourced script
 clock   elapsed:              other lines

000.007  000.007: --- VIM STARTING ---
000.105  000.098: Allocated generic buffers
000.510  000.405: locale set
000.515  000.005: clipboard setup
000.519  000.004: window checked
001.053  000.534: inits 1
001.231  000.178: parsing arguments
001.234  000.003: expanding arguments
009.953  008.719: shell init
010.875  000.922: Termcap init
010.894  000.019: inits 2
011.053  000.159: init highlight
012.078  000.823  000.823: sourcing $VIM/vimrc
013.447  000.451  000.451: sourcing /usr/share/vim/vim81/ftoff.vim
014.356  000.692  000.692: sourcing /Users/mch/.vim/bundle/Vundle.vim/autoload/vundle.vim
015.368  000.822  000.822: sourcing /Users/mch/.vim/bundle/Vundle.vim/autoload/vundle/config.vim
019.121  003.158  003.158: sourcing /Users/mch/.vim/autoload/plug.vim
031.828  004.385  004.385: sourcing /Users/mch/.vim/plugged/vim-polyglot/ftdetect/polyglot.vim
033.456  000.414  000.414: sourcing /Users/mch/.vim/plugged/vim-fugitive/ftdetect/fugitive.vim
033.685  011.641  006.842: sourcing /usr/share/vim/vim81/filetype.vim
034.752  000.740  000.740: sourcing /usr/share/vim/vim81/ftplugin.vim
035.393  000.347  000.347: sourcing /usr/share/vim/vim81/indent.vim
037.589  000.875  000.875: sourcing /usr/share/vim/vim81/syntax/syncolor.vim
037.885  001.675  000.800: sourcing /usr/share/vim/vim81/syntax/synload.vim
037.919  002.370  000.695: sourcing /usr/share/vim/vim81/syntax/syntax.vim
038.893  000.700  000.700: sourcing /usr/share/vim/vim81/syntax/nosyntax.vim
039.493  000.249  000.249: sourcing /usr/share/vim/vim81/syntax/syncolor.vim
039.611  000.539  000.290: sourcing /usr/share/vim/vim81/syntax/synload.vim
039.639  001.558  000.319: sourcing /usr/share/vim/vim81/syntax/syntax.vim
040.114  000.247  000.247: sourcing /usr/share/vim/vim81/syntax/syncolor.vim
041.426  000.372  000.372: sourcing /usr/share/vim/vim81/syntax/syncolor.vim
042.268  000.344  000.344: sourcing /usr/share/vim/vim81/syntax/syncolor.vim
043.830  001.188  001.188: sourcing /usr/share/vim/vim81/syntax/syncolor.vim
064.007  023.777  021.873: sourcing /Users/mch/.vim/colors/cake.vim
064.978  000.638  000.638: sourcing /usr/share/vim/vim81/indoff.vim
065.256  052.963  006.522: sourcing $HOME/.vimrc
065.266  000.427: sourcing vimrc file(s)
068.232  000.453  000.453: sourcing /Users/mch/.vim/plugged/coc.nvim/autoload/coc/rpc.vim
070.290  001.819  001.819: sourcing /Users/mch/.vim/plugged/coc.nvim/autoload/coc/util.vim
071.999  001.236  001.236: sourcing /Users/mch/.vim/plugged/coc.nvim/autoload/coc/client.vim
076.524  009.283  005.775: sourcing /Users/mch/.vim/plugged/coc.nvim/plugin/coc.vim
079.134  000.665  000.665: sourcing /Users/mch/.vim/plugged/ale/autoload/ale/events.vim
079.414  002.630  001.965: sourcing /Users/mch/.vim/plugged/ale/plugin/ale.vim
081.041  000.558  000.558: sourcing /Users/mch/.vim/plugged/vim-startify/plugin/startify.vim
084.126  000.737  000.737: sourcing /Users/mch/.vim/plugged/vim-airline/autoload/airline/init.vim
086.474  001.494  001.494: sourcing /Users/mch/.vim/plugged/vim-airline/autoload/airline/parts.vim
092.844  003.848  003.848: sourcing /Users/mch/.vim/plugged/vim-airline/autoload/airline/util.vim
093.441  011.651  005.572: sourcing /Users/mch/.vim/plugged/vim-airline/plugin/airline.vim
095.925  000.745  000.745: sourcing /Users/mch/.vim/plugged/vim-airline-themes/plugin/airline-themes.vim
098.201  000.740  000.740: sourcing /Users/mch/.vim/plugged/vim-gitgutter/autoload/gitgutter/utility.vim
099.404  000.675  000.675: sourcing /Users/mch/.vim/plugged/vim-gitgutter/autoload/gitgutter/highlight.vim
101.489  004.726  003.311: sourcing /Users/mch/.vim/plugged/vim-gitgutter/plugin/gitgutter.vim
104.284  002.569  002.569: sourcing /Users/mch/.vim/plugged/vim-fugitive/plugin/fugitive.vim
106.383  001.894  001.894: sourcing /Users/mch/.vim/plugged/vim-wakatime/plugin/wakatime.vim
108.387  001.433  001.433: sourcing /Users/mch/.vim/plugged/fzf/plugin/fzf.vim
109.431  000.310  000.310: sourcing /usr/share/vim/vim81/plugin/getscriptPlugin.vim
110.731  000.795  000.795: sourcing /usr/share/vim/vim81/plugin/gzip.vim
111.604  000.760  000.760: sourcing /usr/share/vim/vim81/plugin/logiPat.vim
112.008  000.311  000.311: sourcing /usr/share/vim/vim81/plugin/manpager.vim
112.831  000.731  000.731: sourcing /usr/share/vim/vim81/plugin/matchparen.vim
114.114  001.169  001.169: sourcing /usr/share/vim/vim81/plugin/netrwPlugin.vim
114.462  000.239  000.239: sourcing /usr/share/vim/vim81/plugin/rrhelper.vim
114.894  000.274  000.274: sourcing /usr/share/vim/vim81/plugin/spellfile.vim
115.450  000.455  000.455: sourcing /usr/share/vim/vim81/plugin/tarPlugin.vim
116.215  000.671  000.671: sourcing /usr/share/vim/vim81/plugin/tohtml.vim
116.799  000.478  000.478: sourcing /usr/share/vim/vim81/plugin/vimballPlugin.vim
117.331  000.427  000.427: sourcing /usr/share/vim/vim81/plugin/zipPlugin.vim
117.371  009.996: loading plugins
118.628  000.029  000.029: sourcing /usr/share/vim/vim81/filetype.vim
118.838  000.730  000.701: sourcing /Users/mch/.vim/pack/kite/start/vim-plugin/plugin/kite.vim
118.919  000.818: loading packages
118.973  000.054: loading after plugins
118.982  000.009: inits 3
120.424  001.442: reading viminfo
120.453  000.029: setting raw mode
120.469  000.016: start termcap
120.497  000.028: clearing screen
127.151  001.154  001.154: sourcing /usr/share/vim/vim81/scripts.vim
1358.064  1230.563  1230.563: sourcing /Users/mch/.vim/plugged/vim-polyglot/ftplugin/fish.vim
1360.808  000.696  000.696: sourcing /Users/mch/.vim/plugged/vim-polyglot/syntax/fish.vim
1363.391  001.902  001.902: sourcing /Users/mch/.vim/plugged/vim-airline/autoload/airline/extensions.vim
1364.138  000.438  000.438: sourcing /Users/mch/.vim/plugged/vim-airline/autoload/airline/extensions/quickfix.vim
1365.635  001.248  001.248: sourcing /Users/mch/.vim/plugged/vim-airline/autoload/airline.vim
1366.551  000.560  000.560: sourcing /Users/mch/.vim/plugged/vim-airline/autoload/airline/extensions/netrw.vim
1368.267  000.592  000.592: sourcing /Users/mch/.vim/plugged/vim-airline/autoload/airline/section.vim
1369.964  001.332  001.332: sourcing /Users/mch/.vim/plugged/vim-airline/autoload/airline/highlighter.vim
1370.258  003.388  001.464: sourcing /Users/mch/.vim/plugged/vim-airline/autoload/airline/extensions/term.vim
1371.237  000.624  000.624: sourcing /Users/mch/.vim/plugged/vim-airline/autoload/airline/extensions/hunks.vim
1373.216  001.356  001.356: sourcing /Users/mch/.vim/plugged/vim-airline/autoload/airline/extensions/branch.vim
1374.199  000.606  000.606: sourcing /Users/mch/.vim/plugged/vim-airline/autoload/airline/extensions/fugitiveline.vim
1375.817  001.155  001.155: sourcing /Users/mch/.vim/plugged/vim-airline/autoload/airline/extensions/ale.vim
1377.344  000.602  000.602: sourcing /Users/mch/.vim/plugged/vim-airline/autoload/airline/extensions/coc.vim
1378.824  001.016  001.016: sourcing /Users/mch/.vim/plugged/vim-airline/autoload/airline/extensions/whitespace.vim
1379.967  000.409  000.409: sourcing /Users/mch/.vim/plugged/vim-airline/autoload/airline/extensions/po.vim
1380.762  000.436  000.436: sourcing /Users/mch/.vim/plugged/vim-airline/autoload/airline/extensions/wordcount.vim
1391.047  000.561  000.561: sourcing /Users/mch/.vim/plugged/vim-airline/autoload/airline/themes.vim
1391.334  001.558  000.997: sourcing /Users/mch/.vim/plugged/vim-airline-themes/autoload/airline/themes/bubblegum.vim
1395.364  000.329  000.329: sourcing /Users/mch/.vim/plugged/vim-airline-themes/autoload/airline/themes/bubblegum.vim
1416.094  001.198  001.198: sourcing /Users/mch/.vim/plugged/vim-airline/autoload/airline/builder.vim
1417.297  000.667  000.667: sourcing /Users/mch/.vim/plugged/vim-airline/autoload/airline/extensions/default.vim
1443.479  001.277  001.277: sourcing /Users/mch/.vim/plugged/ale/autoload/ale.vim
1445.626  001.852  001.852: sourcing /Users/mch/.vim/plugged/ale/autoload/ale/util.vim
1447.876  001.960  001.960: sourcing /Users/mch/.vim/plugged/ale/autoload/ale/linter.vim
1449.213  000.910  000.910: sourcing /Users/mch/.vim/plugged/ale/ale_linters/fish/fish.vim
1452.239  002.372  002.372: sourcing /Users/mch/.vim/plugged/ale/autoload/ale/engine.vim
1454.462  001.948  001.948: sourcing /Users/mch/.vim/plugged/ale/autoload/ale/command.vim
1455.626  000.659  000.659: sourcing /Users/mch/.vim/plugged/ale/autoload/ale/history.vim
1458.099  001.288  001.288: sourcing /Users/mch/.vim/plugged/ale/autoload/ale/job.vim
1459.652  076.984: opening buffers
1461.033  001.072  001.072: sourcing /Users/mch/.vim/plugged/vim-gitgutter/autoload/gitgutter.vim
1462.955  000.420  000.420: sourcing /Users/mch/.vim/plugged/vim-gitgutter/autoload/gitgutter/async.vim
1463.599  000.417  000.417: sourcing /Users/mch/.vim/plugged/vim-gitgutter/autoload/gitgutter/debug.vim
1493.111  015.073  015.073: sourcing /Users/mch/.vim/plugged/vim-gitgutter/autoload/gitgutter/diff.vim
1510.063  001.070  001.070: sourcing /Users/mch/.vim/pack/kite/start/vim-plugin/autoload/kite.vim
1510.141  032.437: BufEnter autocommands
1510.151  000.010: editing files in windows
1511.602  001.451: VimEnter autocommands
1511.606  000.004: before starting main loop
1512.799  000.853  000.853: sourcing /Users/mch/.vim/plugged/ale/autoload/ale/cursor.vim
1523.535  007.785  007.785: sourcing /Users/mch/.vim/plugged/vim-fugitive/autoload/fugitive.vim
1526.189  001.321  001.321: sourcing /Users/mch/.vim/plugged/vim-airline/autoload/airline/async.vim
1538.441  002.140  002.140: sourcing /Users/mch/.vim/plugged/vim-gitgutter/autoload/gitgutter/hunk.vim
1540.672  016.967: first screen update
1540.674  000.002: --- VIM STARTED ---
